# JRE version: Java(TM) SE Runtime Environment (24.0.1+9) (build 24.0.1+9-30)
# Java VM: Java HotSpot(TM) 64-Bit Server VM (24.0.1+9-30, mixed mode, emulated-client, sharing, tiered, compressed oops, compressed class ptrs, g1 gc, windows-amd64)
GC Precious Log:
 CardTable entry size: 512
 Card Set container configuration: InlinePtr #cards 4 size 8 Array Of Cards #cards 16 size 48 Howl #buckets 8 coarsen threshold 3686 Howl Bitmap #cards 512 size 80 coarsen threshold 460 Card regions per heap region 1 cards per card region 4096
 CPUs: 8 total, 8 available
 Memory: 16064M
 Large Page Support: Disabled
 NUMA Support: Disabled
 Compressed Oops: Enabled (Zero based)
 Heap Region Size: 2M
 Heap Min Capacity: 8M
 Heap Initial Capacity: 252M
 Heap Max Capacity: 4018M
 Pre-touch: Disabled
 Parallel Workers: 8
 Concurrent Workers: 2
 Concurrent Refinement Workers: 8
 Periodic GC: Disabled
Heap:
 garbage-first heap   total reserved 4114432K, committed 102400K, used 72227K [0x0000000704e00000, 0x0000000800000000)
  region size 2048K, 22 young (45056K), 1 survivors (2048K)
 Metaspace       used 77742K, committed 79168K, reserved 1179648K
  class space    used 8977K, committed 9600K, reserved 1048576K
GC Heap History (20 events):
Event: 3541.143 GC heap after
{Heap after GC invocations=91 (full 6):
 garbage-first heap   total reserved 4114432K, committed 102400K, used 32278K [0x0000000704e00000, 0x0000000800000000)
  region size 2048K, 1 young (2048K), 1 survivors (2048K)
 Metaspace       used 77733K, committed 79168K, reserved 1179648K
  class space    used 8975K, committed 9600K, reserved 1048576K
}
Event: 3661.745 GC heap before
{Heap before GC invocations=91 (full 6):
 garbage-first heap   total reserved 4114432K, committed 102400K, used 91670K [0x0000000704e00000, 0x0000000800000000)
  region size 2048K, 30 young (61440K), 1 survivors (2048K)
 Metaspace       used 77733K, committed 79168K, reserved 1179648K
  class space    used 8975K, committed 9600K, reserved 1048576K
}
Event: 3661.747 GC heap after
{Heap after GC invocations=92 (full 6):
 garbage-first heap   total reserved 4114432K, committed 102400K, used 32252K [0x0000000704e00000, 0x0000000800000000)
  region size 2048K, 1 young (2048K), 1 survivors (2048K)
 Metaspace       used 77733K, committed 79168K, reserved 1179648K
  class space    used 8975K, committed 9600K, reserved 1048576K
}
Event: 3784.208 GC heap before
{Heap before GC invocations=93 (full 6):
 garbage-first heap   total reserved 4114432K, committed 102400K, used 91644K [0x0000000704e00000, 0x0000000800000000)
  region size 2048K, 30 young (61440K), 1 survivors (2048K)
 Metaspace       used 77735K, committed 79168K, reserved 1179648K
  class space    used 8975K, committed 9600K, reserved 1048576K
}
Event: 3784.210 GC heap after
{Heap after GC invocations=94 (full 6):
 garbage-first heap   total reserved 4114432K, committed 102400K, used 32611K [0x0000000704e00000, 0x0000000800000000)
  region size 2048K, 1 young (2048K), 1 survivors (2048K)
 Metaspace       used 77735K, committed 79168K, reserved 1179648K
  class space    used 8975K, committed 9600K, reserved 1048576K
}
Event: 5361.762 GC heap before
{Heap before GC invocations=94 (full 6):
 garbage-first heap   total reserved 4114432K, committed 102400K, used 92003K [0x0000000704e00000, 0x0000000800000000)
  region size 2048K, 30 young (61440K), 1 survivors (2048K)
 Metaspace       used 77735K, committed 79168K, reserved 1179648K
  class space    used 8975K, committed 9600K, reserved 1048576K
}
Event: 5361.772 GC heap after
{Heap after GC invocations=95 (full 6):
 garbage-first heap   total reserved 4114432K, committed 102400K, used 32285K [0x0000000704e00000, 0x0000000800000000)
  region size 2048K, 1 young (2048K), 1 survivors (2048K)
 Metaspace       used 77735K, committed 79168K, reserved 1179648K
  class space    used 8975K, committed 9600K, reserved 1048576K
}
Event: 5482.694 GC heap before
{Heap before GC invocations=95 (full 6):
 garbage-first heap   total reserved 4114432K, committed 102400K, used 91677K [0x0000000704e00000, 0x0000000800000000)
  region size 2048K, 30 young (61440K), 1 survivors (2048K)
 Metaspace       used 77735K, committed 79168K, reserved 1179648K
  class space    used 8975K, committed 9600K, reserved 1048576K
}
Event: 5482.701 GC heap after
{Heap after GC invocations=96 (full 6):
 garbage-first heap   total reserved 4114432K, committed 102400K, used 31863K [0x0000000704e00000, 0x0000000800000000)
  region size 2048K, 1 young (2048K), 1 survivors (2048K)
 Metaspace       used 77735K, committed 79168K, reserved 1179648K
  class space    used 8975K, committed 9600K, reserved 1048576K
}
Event: 5603.356 GC heap before
{Heap before GC invocations=97 (full 6):
 garbage-first heap   total reserved 4114432K, committed 102400K, used 91255K [0x0000000704e00000, 0x0000000800000000)
  region size 2048K, 30 young (61440K), 1 survivors (2048K)
 Metaspace       used 77735K, committed 79168K, reserved 1179648K
  class space    used 8975K, committed 9600K, reserved 1048576K
}
Event: 5603.359 GC heap after
{Heap after GC invocations=98 (full 6):
 garbage-first heap   total reserved 4114432K, committed 102400K, used 31872K [0x0000000704e00000, 0x0000000800000000)
  region size 2048K, 1 young (2048K), 1 survivors (2048K)
 Metaspace       used 77735K, committed 79168K, reserved 1179648K
  class space    used 8975K, committed 9600K, reserved 1048576K
}
Event: 5724.477 GC heap before
{Heap before GC invocations=98 (full 6):
 garbage-first heap   total reserved 4114432K, committed 102400K, used 91264K [0x0000000704e00000, 0x0000000800000000)
  region size 2048K, 30 young (61440K), 1 survivors (2048K)
 Metaspace       used 77735K, committed 79168K, reserved 1179648K
  class space    used 8975K, committed 9600K, reserved 1048576K
}
Event: 5724.489 GC heap after
{Heap after GC invocations=99 (full 6):
 garbage-first heap   total reserved 4114432K, committed 102400K, used 31602K [0x0000000704e00000, 0x0000000800000000)
  region size 2048K, 1 young (2048K), 1 survivors (2048K)
 Metaspace       used 77735K, committed 79168K, reserved 1179648K
  class space    used 8975K, committed 9600K, reserved 1048576K
}
Event: 5912.712 GC heap before
{Heap before GC invocations=99 (full 6):
 garbage-first heap   total reserved 4114432K, committed 102400K, used 90994K [0x0000000704e00000, 0x0000000800000000)
  region size 2048K, 30 young (61440K), 1 survivors (2048K)
 Metaspace       used 77735K, committed 79168K, reserved 1179648K
  class space    used 8975K, committed 9600K, reserved 1048576K
}
Event: 5912.714 GC heap after
{Heap after GC invocations=100 (full 6):
 garbage-first heap   total reserved 4114432K, committed 102400K, used 31526K [0x0000000704e00000, 0x0000000800000000)
  region size 2048K, 1 young (2048K), 1 survivors (2048K)
 Metaspace       used 77735K, committed 79168K, reserved 1179648K
  class space    used 8975K, committed 9600K, reserved 1048576K
}
Event: 6033.427 GC heap before
{Heap before GC invocations=101 (full 6):
 garbage-first heap   total reserved 4114432K, committed 102400K, used 90918K [0x0000000704e00000, 0x0000000800000000)
  region size 2048K, 30 young (61440K), 1 survivors (2048K)
 Metaspace       used 77735K, committed 79168K, reserved 1179648K
  class space    used 8975K, committed 9600K, reserved 1048576K
}
Event: 6033.428 GC heap after
{Heap after GC invocations=102 (full 6):
 garbage-first heap   total reserved 4114432K, committed 102400K, used 31590K [0x0000000704e00000, 0x0000000800000000)
  region size 2048K, 1 young (2048K), 1 survivors (2048K)
 Metaspace       used 77735K, committed 79168K, reserved 1179648K
  class space    used 8975K, committed 9600K, reserved 1048576K
}
Event: 6154.375 GC heap before
{Heap before GC invocations=102 (full 6):
 garbage-first heap   total reserved 4114432K, committed 102400K, used 90982K [0x0000000704e00000, 0x0000000800000000)
  region size 2048K, 30 young (61440K), 1 survivors (2048K)
 Metaspace       used 77735K, committed 79168K, reserved 1179648K
  class space    used 8975K, committed 9600K, reserved 1048576K
}
Event: 6154.379 GC heap after
{Heap after GC invocations=103 (full 6):
 garbage-first heap   total reserved 4114432K, committed 102400K, used 31267K [0x0000000704e00000, 0x0000000800000000)
  region size 2048K, 1 young (2048K), 1 survivors (2048K)
 Metaspace       used 77735K, committed 79168K, reserved 1179648K
  class space    used 8975K, committed 9600K, reserved 1048576K
}
Event: 6236.718 GC heap before
{Heap before GC invocations=103 (full 6):
 garbage-first heap   total reserved 4114432K, committed 102400K, used 72227K [0x0000000704e00000, 0x0000000800000000)
  region size 2048K, 22 young (45056K), 1 survivors (2048K)
 Metaspace       used 77742K, committed 79168K, reserved 1179648K
  class space    used 8977K, committed 9600K, reserved 1048576K
}

